<?xml version="1.0" encoding="UTF-8"?>
<testng-results ignored="0" total="2" passed="2" failed="0" skipped="0">
  <reporter-output>
  </reporter-output>
  <suite started-at="2026-04-11T18:42:08 IST" name="MasterSuite" finished-at="2026-04-11T18:42:20 IST" duration-ms="12152">
    <groups>
      <group name="Master">
        <method signature="TC001_AccountRegistrationTest.verify_account_registration()[pri:0, instance:testCases.TC001_AccountRegistrationTest@19c65cdc]" name="verify_account_registration" class="testCases.TC001_AccountRegistrationTest"/>
        <method signature="TC002_LoginTest.verify_login()[pri:0, instance:testCases.TC002_LoginTest@1fb669c3]" name="verify_login" class="testCases.TC002_LoginTest"/>
      </group> <!-- Master -->
      <group name="Sanity">
        <method signature="TC002_LoginTest.verify_login()[pri:0, instance:testCases.TC002_LoginTest@1fb669c3]" name="verify_login" class="testCases.TC002_LoginTest"/>
      </group> <!-- Sanity -->
      <group name="Regression">
        <method signature="TC001_AccountRegistrationTest.verify_account_registration()[pri:0, instance:testCases.TC001_AccountRegistrationTest@19c65cdc]" name="verify_account_registration" class="testCases.TC001_AccountRegistrationTest"/>
      </group> <!-- Regression -->
    </groups>
    <test started-at="2026-04-11T18:42:08 IST" name="Testchrome" finished-at="2026-04-11T18:42:20 IST" duration-ms="12152">
      <class name="testCases.TC002_LoginTest">
        <test-method is-config="true" signature="setup(java.lang.String,java.lang.String)[pri:0, instance:testCases.TC002_LoginTest@1fb669c3]" started-at="2026-04-11T18:42:14 IST" name="setup" finished-at="2026-04-11T18:42:18 IST" duration-ms="4038" status="PASS">
          <params>
            <param index="0">
              <value>
                <![CDATA[Windows]]>
              </value>
            </param>
            <param index="1">
              <value>
                <![CDATA[chrome]]>
              </value>
            </param>
          </params>
          <reporter-output>
          </reporter-output>
        </test-method> <!-- setup -->
        <test-method signature="verify_login()[pri:0, instance:testCases.TC002_LoginTest@1fb669c3]" started-at="2026-04-11T18:42:18 IST" name="verify_login" finished-at="2026-04-11T18:42:20 IST" duration-ms="1983" status="PASS">
          <reporter-output>
          </reporter-output>
        </test-method> <!-- verify_login -->
        <test-method is-config="true" signature="tearDown()[pri:0, instance:testCases.TC002_LoginTest@1fb669c3]" started-at="2026-04-11T18:42:20 IST" name="tearDown" finished-at="2026-04-11T18:42:20 IST" duration-ms="163" status="PASS">
          <reporter-output>
          </reporter-output>
        </test-method> <!-- tearDown -->
      </class> <!-- testCases.TC002_LoginTest -->
      <class name="testCases.TC001_AccountRegistrationTest">
        <test-method is-config="true" signature="setup(java.lang.String,java.lang.String)[pri:0, instance:testCases.TC001_AccountRegistrationTest@19c65cdc]" started-at="2026-04-11T18:42:08 IST" name="setup" finished-at="2026-04-11T18:42:12 IST" duration-ms="3262" status="PASS">
          <params>
            <param index="0">
              <value>
                <![CDATA[Windows]]>
              </value>
            </param>
            <param index="1">
              <value>
                <![CDATA[chrome]]>
              </value>
            </param>
          </params>
          <reporter-output>
          </reporter-output>
        </test-method> <!-- setup -->
        <test-method signature="verify_account_registration()[pri:0, instance:testCases.TC001_AccountRegistrationTest@19c65cdc]" started-at="2026-04-11T18:42:12 IST" name="verify_account_registration" finished-at="2026-04-11T18:42:14 IST" duration-ms="2347" status="PASS">
          <reporter-output>
          </reporter-output>
        </test-method> <!-- verify_account_registration -->
        <test-method is-config="true" signature="tearDown()[pri:0, instance:testCases.TC001_AccountRegistrationTest@19c65cdc]" started-at="2026-04-11T18:42:14 IST" name="tearDown" finished-at="2026-04-11T18:42:14 IST" duration-ms="167" status="PASS">
          <reporter-output>
          </reporter-output>
        </test-method> <!-- tearDown -->
      </class> <!-- testCases.TC001_AccountRegistrationTest -->
    </test> <!-- Testchrome -->
  </suite> <!-- MasterSuite -->
</testng-results>
